nohup: ignoring input
124.309377 M parameters
step 0: train loss 4.4118, val loss 4.4028
step 100: train loss 3.3015, val loss 3.3412
step 200: train loss 2.6980, val loss 2.7002
step 300: train loss 2.5727, val loss 2.5747
step 400: train loss 2.4407, val loss 2.4289
step 500: train loss 2.3848, val loss 2.3812
step 600: train loss 2.3267, val loss 2.3250
step 700: train loss 2.3035, val loss 2.2993
step 800: train loss 2.2669, val loss 2.2804
step 900: train loss 2.2187, val loss 2.2292
step 1000: train loss 2.1928, val loss 2.2287
step 1100: train loss 2.1578, val loss 2.1761
step 1200: train loss 2.1296, val loss 2.1745
step 1300: train loss 2.1041, val loss 2.1580
step 1400: train loss 2.0971, val loss 2.1571
step 1500: train loss 2.0770, val loss 2.1211
step 1600: train loss 2.0428, val loss 2.1050
step 1700: train loss 2.0418, val loss 2.0898
step 1800: train loss 2.0244, val loss 2.1060
step 1900: train loss 2.0280, val loss 2.0939
step 2000: train loss 2.0046, val loss 2.1096
step 2100: train loss 1.9800, val loss 2.0700
step 2200: train loss 1.9834, val loss 2.0677
step 2300: train loss 1.9643, val loss 2.0643
step 2400: train loss 1.9398, val loss 2.0421
step 2500: train loss 1.9312, val loss 2.0233
step 2600: train loss 1.9339, val loss 2.0357
step 2700: train loss 1.9095, val loss 2.0136
step 2800: train loss 1.9167, val loss 2.0290
step 2900: train loss 1.9057, val loss 2.0068
step 3000: train loss 1.8946, val loss 2.0042
step 3100: train loss 1.8759, val loss 2.0122
step 3200: train loss 1.8772, val loss 1.9832
step 3300: train loss 1.8828, val loss 2.0030
step 3400: train loss 1.8641, val loss 1.9872
step 3500: train loss 1.8414, val loss 1.9757
step 3600: train loss 1.8421, val loss 1.9640
step 3700: train loss 1.8415, val loss 1.9463
step 3800: train loss 1.8300, val loss 1.9580
step 3900: train loss 1.8208, val loss 1.9383
step 4000: train loss 1.8056, val loss 1.9527
step 4100: train loss 1.8069, val loss 1.9335
step 4200: train loss 1.8052, val loss 1.9279
step 4300: train loss 1.7942, val loss 1.9182
step 4400: train loss 1.7900, val loss 1.9317
step 4500: train loss 1.7768, val loss 1.9113
step 4600: train loss 1.7766, val loss 1.9173
step 4700: train loss 1.7597, val loss 1.9015
step 4800: train loss 1.7664, val loss 1.8964
step 4900: train loss 1.7620, val loss 1.9026
step 4999: train loss 1.7457, val loss 1.8863
Model saved to gpt2_task1.pth

CORIOLANUS:
I if I am lord, go, line; to yours newhere in un your,
Too chall'd shebbow-nt:
Marry cizlalites up't you for all it
rear suest for the goods; it stone I nea
Here so father?
Bud a reso of roursess, and my speect
And haur suizetted and dembity: bacewer?
Orse wavet not will fixt mall we, I be their nights.

CAPULINA:
We sog Gleaster:
There kils'd the you plain of your do house.

SOMPOLAUNENIUS:
Wrare, I see, ast clainive! ey that inye?

ISABELLA:
I of I chen lusein but the bose.

MARCUMIUS:
I lastel of tordere of Morder our is.

ISABELLA:
I somelfing then bird kiss:
Come, he thear Playsessemin, cuasion;
If my know all be ackingger
Comm to theood I I warrown and that ine her a men?

Lord AMerCentizlety:
The not prondenalle so belment our him.

Senrencizer:
Preedery that k holow may.

ROMEOLORAUES:
Orcaur this grainst of to man; must what caple of Getsence,
Hath in I witers all herend the raity,
HAllook I notcall'd you. Where kils? i' saw,
As are his't oursern't sursiose.

QUEEN ELIZABETH:
You is mughter so bader, af engew's you doner in on pripued:
For I too-our ruvent, toill to to speak wain.

VINCHAMINILLIIIIO:
Look boy the dird ayith to no; 'Time,
Toeritiond the enait?


Procht not man:
Alow, wing to hou seralous;
And the lord denan and of thysere:
And you lords me con me good I to amp warword,
You to be to other, feneld,-my ladidge speakeper love ae. Were to deturs;
Alb me his neght are you all fort do cheir den.

CARIVERS:
You sarcion,
We so lordedy not dear ranelush.

SICINIUS:
Let it of that ING Jording us. Deire upon,
And sing will with be hit soler, takes these row;
I do reastiend tuke alicingens.

DUKE OF EDWARD IV:
Go Comaret, and if the handy farewarth; for 'the;
If shall the or you love to breathing he.

QUEEN ELIZABETHAMBERLA:
The are more, If there signess I am somethis hear
To the marrake's from ager 'ndert apond,
Than good I moret to rens of or a threath
she ghave sesiet make all ince, if kING EDWARD IV:

But INGA:
The is layfult hazencelf d
